{
  "uid" : "e2cb451a216a73bf",
  "name" : "登录反向用例测试",
  "fullName" : "cases.test_login.TestLogin#test_login_failed",
  "historyId" : "d93c8b521d1ee7fc4eb27338522fd359",
  "time" : {
    "start" : 1615361147574,
    "stop" : 1615361150418,
    "duration" : 2844
  },
  "status" : "passed",
  "flaky" : false,
  "newFailed" : false,
  "beforeStages" : [ {
    "name" : "handler",
    "time" : {
      "start" : 1615361108642,
      "stop" : 1615361133964,
      "duration" : 25322
    },
    "status" : "passed",
    "steps" : [ ],
    "attachments" : [ ],
    "parameters" : [ ],
    "hasContent" : false,
    "stepsCount" : 0,
    "shouldDisplayMessage" : false,
    "attachmentsCount" : 0
  }, {
    "name" : "prepare_to_login",
    "time" : {
      "start" : 1615361133965,
      "stop" : 1615361147376,
      "duration" : 13411
    },
    "status" : "passed",
    "steps" : [ ],
    "attachments" : [ ],
    "parameters" : [ ],
    "hasContent" : false,
    "stepsCount" : 0,
    "shouldDisplayMessage" : false,
    "attachmentsCount" : 0
  } ],
  "testStage" : {
    "status" : "passed",
    "steps" : [ ],
    "attachments" : [ {
      "uid" : "a3f5321b96b69853",
      "name" : "log",
      "source" : "a3f5321b96b69853.txt",
      "type" : "text/plain",
      "size" : 14998
    } ],
    "parameters" : [ ],
    "hasContent" : true,
    "stepsCount" : 0,
    "shouldDisplayMessage" : false,
    "attachmentsCount" : 1
  },
  "afterStages" : [ {
    "name" : "handler::0",
    "time" : {
      "start" : 1615361164042,
      "stop" : 1615361168670,
      "duration" : 4628
    },
    "status" : "passed",
    "steps" : [ ],
    "attachments" : [ ],
    "parameters" : [ ],
    "hasContent" : false,
    "stepsCount" : 0,
    "shouldDisplayMessage" : false,
    "attachmentsCount" : 0
  } ],
  "labels" : [ {
    "name" : "epic",
    "value" : "钓鱼人APP自动化测试"
  }, {
    "name" : "feature",
    "value" : "钓鱼人APP自动化测试-登录模块"
  }, {
    "name" : "story",
    "value" : "钓鱼人APP自动化测试-登录模块-反向用例测试"
  }, {
    "name" : "tag",
    "value" : "@pytest.mark.usefixtures('prepare_to_login')"
  }, {
    "name" : "parentSuite",
    "value" : "cases"
  }, {
    "name" : "suite",
    "value" : "test_login"
  }, {
    "name" : "subSuite",
    "value" : "TestLogin"
  }, {
    "name" : "host",
    "value" : "LAPTOP-LSM6I36P"
  }, {
    "name" : "thread",
    "value" : "16828-MainThread"
  }, {
    "name" : "framework",
    "value" : "pytest"
  }, {
    "name" : "language",
    "value" : "cpython3"
  }, {
    "name" : "package",
    "value" : "cases.test_login"
  }, {
    "name" : "resultFormat",
    "value" : "allure2"
  } ],
  "parameters" : [ {
    "name" : "data",
    "value" : "{'name': '登录-反向用例-用户名为空', 'username': '', 'password': '654321', 'error_msg': '用户名不能为空！'}"
  } ],
  "links" : [ ],
  "hidden" : false,
  "retry" : false,
  "extra" : {
    "severity" : "normal",
    "retries" : [ {
      "uid" : "37a1b8f88d13c101",
      "status" : "passed",
      "time" : {
        "start" : 1615360813037,
        "stop" : 1615360816637,
        "duration" : 3600
      }
    }, {
      "uid" : "9a65211e9b901c9e",
      "status" : "passed",
      "time" : {
        "start" : 1615360239003,
        "stop" : 1615360243573,
        "duration" : 4570
      }
    }, {
      "uid" : "ce09ca8d2e900356",
      "status" : "broken",
      "statusDetails" : "AttributeError: 'PageAction' object has no attribute 'BassPage'",
      "time" : {
        "start" : 1615355765805,
        "stop" : 1615355767396,
        "duration" : 1591
      }
    }, {
      "uid" : "d8c861c2b71f3c94",
      "status" : "broken",
      "statusDetails" : "AttributeError: 'PageAction' object has no attribute 'BassPage'",
      "time" : {
        "start" : 1615355305231,
        "stop" : 1615355307226,
        "duration" : 1995
      }
    }, {
      "uid" : "e52150ab4c825669",
      "status" : "broken",
      "statusDetails" : "AttributeError: type object 'BassPage' has no attribute 'checkbox_agree'",
      "time" : {
        "start" : 1615354771165,
        "stop" : 1615354772780,
        "duration" : 1615
      }
    }, {
      "uid" : "2646b474aaf4fcbc",
      "status" : "broken",
      "statusDetails" : "AttributeError: type object 'BassPage' has no attribute 'checkbox_agree'",
      "time" : {
        "start" : 1615354521647,
        "stop" : 1615354523303,
        "duration" : 1656
      }
    }, {
      "uid" : "30c8009a999dc138",
      "status" : "broken",
      "statusDetails" : "AttributeError: type object 'BassPage' has no attribute 'checkbox_agree'",
      "time" : {
        "start" : 1615354197126,
        "stop" : 1615354198743,
        "duration" : 1617
      }
    }, {
      "uid" : "60f06295aa515dcf",
      "status" : "broken",
      "statusDetails" : "AttributeError: type object 'BassPage' has no attribute 'checkbox_agree'",
      "time" : {
        "start" : 1615352864431,
        "stop" : 1615352867546,
        "duration" : 3115
      }
    }, {
      "uid" : "e6babbf3cd113e66",
      "status" : "broken",
      "statusDetails" : "selenium.common.exceptions.NoSuchElementException: Message: An element could not be located on the page using the given search parameters.",
      "time" : {
        "start" : 1615345653596,
        "stop" : 1615345654452,
        "duration" : 856
      }
    }, {
      "uid" : "da8b57fee6924fc",
      "status" : "broken",
      "statusDetails" : "KeyError: 'error_mag'",
      "time" : {
        "start" : 1615258232227,
        "stop" : 1615258233928,
        "duration" : 1701
      }
    }, {
      "uid" : "26667a9815b14b46",
      "status" : "broken",
      "statusDetails" : "KeyError: 'error_mag'",
      "time" : {
        "start" : 1615251811593,
        "stop" : 1615251813231,
        "duration" : 1638
      }
    }, {
      "uid" : "c87bd6fff5f39d06",
      "status" : "broken",
      "statusDetails" : "KeyError: 'error_mag'",
      "time" : {
        "start" : 1615107881315,
        "stop" : 1615107883100,
        "duration" : 1785
      }
    }, {
      "uid" : "821aaaaa2a58e837",
      "status" : "broken",
      "statusDetails" : "selenium.common.exceptions.NoSuchElementException: Message: An element could not be located on the page using the given search parameters.",
      "time" : {
        "start" : 1615107525314,
        "stop" : 1615107525361,
        "duration" : 47
      }
    } ],
    "categories" : [ ],
    "tags" : [ "@pytest.mark.usefixtures('prepare_to_login')" ]
  },
  "source" : "e2cb451a216a73bf.json",
  "parameterValues" : [ "{'name': '登录-反向用例-用户名为空', 'username': '', 'password': '654321', 'error_msg': '用户名不能为空！'}" ]
}